  Menu.cpp
C:\Users\User\Documents\Visual Studio - Trabajos\C++\SFML_2\Project1\Project1\Menu.cpp(40,67): warning C4244: 'argumento': conversión de 'float' a 'T'; posible pérdida de datos
          with
          [
              T=int
          ]
C:\Users\User\Documents\Visual Studio - Trabajos\C++\SFML_2\Project1\Project1\Menu.cpp(40,60): warning C4244: 'argumento': conversión de 'float' a 'T'; posible pérdida de datos
          with
          [
              T=int
          ]
C:\Users\User\Documents\Visual Studio - Trabajos\C++\SFML_2\Project1\Project1\Menu.cpp(40,53): warning C4244: 'argumento': conversión de 'float' a 'T'; posible pérdida de datos
          with
          [
              T=int
          ]
C:\Users\User\Documents\Visual Studio - Trabajos\C++\SFML_2\Project1\Project1\Menu.cpp(40,46): warning C4244: 'argumento': conversión de 'float' a 'T'; posible pérdida de datos
          with
          [
              T=int
          ]
C:\Users\User\Documents\Visual Studio - Trabajos\C++\SFML_2\Project1\Project1\Menu.cpp(87,27): warning C4018: '<': no coinciden signed/unsigned
C:\Users\User\Documents\Visual Studio - Trabajos\C++\SFML_2\Project1\Project1\Menu.cpp(90,31): warning C4018: '<': no coinciden signed/unsigned
C:\Users\User\Documents\Visual Studio - Trabajos\C++\SFML_2\Project1\Project1\Menu.cpp(93,60): warning C4244: 'argumento': conversión de 'int' a 'float'; posible pérdida de datos
C:\Users\User\Documents\Visual Studio - Trabajos\C++\SFML_2\Project1\Project1\Menu.cpp(93,51): warning C4244: 'argumento': conversión de 'int' a 'float'; posible pérdida de datos
  Project1.vcxproj -> C:\Users\User\Documents\Visual Studio - Trabajos\C++\SFML_2\Project1\x64\Debug\Project1.exe
